<?xml version="1.0" encoding="UTF-8" ?>
<testsuite tests="9" failures="0" name="inf353.DictionnaireNaifTest" time="0.015" errors="0" skipped="0">
  <properties>
[...]
</properties>
  <testcase classname="inf353.DictionnaireNaifTest" name="plusLongPrefixeDeTest" time="0.009"/>
  <testcase classname="inf353.DictionnaireNaifTest" name="motIndiceTest" time="0"/>
  <testcase classname="inf353.DictionnaireNaifTest" name="nbMotsTest" time="0"/>
  <testcase classname="inf353.DictionnaireNaifTest" name="ajouterMotTest" time="0.004"/>
  <testcase classname="inf353.DictionnaireNaifTest" name="constructeurTest" time="0"/>
  <testcase classname="inf353.DictionnaireNaifTest" name="contientTest" time="0.001"/>
  <testcase classname="inf353.DictionnaireNaifTest" name="contientPrefixTest" time="0.001"/>
  <testcase classname="inf353.DictionnaireNaifTest" name="viderTest" time="0"/>
  <testcase classname="inf353.DictionnaireNaifTest" name="indiceMotTest" time="0"/>
</testsuite>